{
  "stats": {
    "suites": 1,
    "tests": 1,
    "passes": 1,
    "pending": 0,
    "failures": 0,
    "start": "2018-03-01T17:43:43.068Z",
    "end": "2018-03-01T17:43:43.083Z",
    "duration": 15,
    "testsRegistered": 1,
    "passPercent": 100,
    "pendingPercent": 0,
    "other": 0,
    "hasOther": false,
    "skipped": 0,
    "hasSkipped": false,
    "passPercentClass": "success",
    "pendingPercentClass": "danger"
  },
  "suites": {
    "uuid": "f70e9f24-916b-4167-9e00-b59e8d364122",
    "title": "",
    "fullFile": "",
    "file": "",
    "beforeHooks": [],
    "afterHooks": [],
    "tests": [],
    "suites": [
      {
        "uuid": "9e537599-5809-41c4-b370-f0b3625e4e42",
        "title": "addition",
        "fullFile": "/Users/max/Property-tycoon/Mr-Pickles/BackEnd/Prototype/proptycoon-backend-proto/test/testBoard.js",
        "file": "/test/testBoard.js",
        "beforeHooks": [],
        "afterHooks": [],
        "tests": [
          {
            "title": "should add 1+1 correctly",
            "fullTitle": "addition should add 1+1 correctly",
            "timedOut": false,
            "duration": 1,
            "state": "passed",
            "speed": "fast",
            "pass": true,
            "fail": false,
            "pending": false,
            "code": "var onePlusOne = 1 + 1;\nonePlusOne.should.equal(2);\n// must call done() so that mocha know that we are... done.\n// Useful for async tests.\ndone();",
            "err": {},
            "isRoot": false,
            "uuid": "d7b6412d-0172-4008-a3b9-6ce039ff636e",
            "isHook": false,
            "skipped": false
          }
        ],
        "suites": [],
        "passes": [
          "d7b6412d-0172-4008-a3b9-6ce039ff636e"
        ],
        "failures": [],
        "pending": [],
        "skipped": [],
        "duration": 1,
        "root": false,
        "rootEmpty": false,
        "_timeout": 2000
      }
    ],
    "passes": [],
    "failures": [],
    "pending": [],
    "skipped": [],
    "duration": 0,
    "root": true,
    "rootEmpty": true,
    "_timeout": 2000
  },
  "copyrightYear": 2018
}